0 info it worked if it ends with ok
1 verbose cli [ '/usr/local/bin/node', '/usr/local/bin/npm', 'publish' ]
2 info using npm@3.8.9
3 info using node@v6.2.0
4 verbose publish [ '.' ]
5 silly cache add args [ '.', null ]
6 verbose cache add spec .
7 silly cache add parsed spec Result {
7 silly cache add   raw: '.',
7 silly cache add   scope: null,
7 silly cache add   name: null,
7 silly cache add   rawSpec: '.',
7 silly cache add   spec: '/Users/Adrian/git/greatest-number-in-array',
7 silly cache add   type: 'directory' }
8 verbose addLocalDirectory /Users/Adrian/.npm/greatest-number-in-array/1.0.0/package.tgz not in flight; packing
9 verbose correctMkdir /Users/Adrian/.npm correctMkdir not in flight; initializing
10 info lifecycle greatest-number-in-array@1.0.0~prepublish: greatest-number-in-array@1.0.0
11 silly lifecycle greatest-number-in-array@1.0.0~prepublish: no script for prepublish, continuing
12 verbose tar pack [ '/Users/Adrian/.npm/greatest-number-in-array/1.0.0/package.tgz',
12 verbose tar pack   '/Users/Adrian/git/greatest-number-in-array' ]
13 verbose tarball /Users/Adrian/.npm/greatest-number-in-array/1.0.0/package.tgz
14 verbose folder /Users/Adrian/git/greatest-number-in-array
15 verbose addLocalTarball adding from inside cache /Users/Adrian/.npm/greatest-number-in-array/1.0.0/package.tgz
16 verbose correctMkdir /Users/Adrian/.npm correctMkdir not in flight; initializing
17 silly cache afterAdd greatest-number-in-array@1.0.0
18 verbose afterAdd /Users/Adrian/.npm/greatest-number-in-array/1.0.0/package/package.json not in flight; writing
19 verbose correctMkdir /Users/Adrian/.npm correctMkdir not in flight; initializing
20 verbose afterAdd /Users/Adrian/.npm/greatest-number-in-array/1.0.0/package/package.json written
21 silly publish { name: 'greatest-number-in-array',
21 silly publish   version: '1.0.0',
21 silly publish   description: 'Determine which number is the greatest in an array.',
21 silly publish   main: 'index.js',
21 silly publish   repository:
21 silly publish    { type: 'git',
21 silly publish      url: 'git+https://github.com/adrianhelvik/greatest-number-in-array.git' },
21 silly publish   scripts: { test: 'echo "Error: no test specified" && exit 1' },
21 silly publish   author: '',
21 silly publish   license: 'ISC',
21 silly publish   dependencies: { 'is-number': '^2.1.0' },
21 silly publish   devDependencies: { chai: '^3.5.0' },
21 silly publish   readme: 'Determine which number is the greatest in an array.\n\nUsage\n-----\n\n```bash\nnpm install --save greatest-number-in-array\n```\n\n```javascript\nvar greatestNumberInArray = require(\'greatest-number-in-array\');\n\ngreatestNumberInArray([1, 5, 2, 10]); // 10\n```\n\nRules\n-----\n\n* If the supplied argument is not an array, throw a TypeError\n* If the array is empty return null.\n* If the number is not a number throw a TypeError (numeric strings are supported, NaN is not)\n* The result is cast\n\nCode\n----\n\n```javascript\n// version 1.0.0\n\nvar isNumber = require(\'is-number\');\n\nmodule.exports = function greatestNumberInArray(array) {\n    if (! Array.isArray(array)) {\n        throw TypeError(\'greatest-number-in-array: Can not find greatest number in non array\');\n    }\n\n    var greatest = null;\n\n    for (var i = 0; i < array.length; i++) {\n        if (! isNumber(array[i])) {\n            throw TypeError(\'greatest-number-in-array: Value at index \' + i + \' is not a number\');\n        }\n\n        var value = Number(array[i]);\n\n        if (greatest === null || value > greatest) {\n            greatest = value;\n        }\n    }\n\n    return greatest;\n}\n```\n',
21 silly publish   readmeFilename: 'README.md',
21 silly publish   gitHead: '220d97bf91734cdc77c3bb44bbdc65595721d6bb',
21 silly publish   bugs: { url: 'https://github.com/adrianhelvik/greatest-number-in-array/issues' },
21 silly publish   homepage: 'https://github.com/adrianhelvik/greatest-number-in-array#readme',
21 silly publish   _id: 'greatest-number-in-array@1.0.0',
21 silly publish   _shasum: '647aa303e2c30144ade39609112242dffbe977f6',
21 silly publish   _from: '.' }
22 verbose getPublishConfig undefined
23 silly mapToRegistry name greatest-number-in-array
24 silly mapToRegistry using default registry
25 silly mapToRegistry registry https://registry.npmjs.org/
26 silly mapToRegistry data Result {
26 silly mapToRegistry   raw: 'greatest-number-in-array',
26 silly mapToRegistry   scope: null,
26 silly mapToRegistry   name: 'greatest-number-in-array',
26 silly mapToRegistry   rawSpec: '',
26 silly mapToRegistry   spec: 'latest',
26 silly mapToRegistry   type: 'tag' }
27 silly mapToRegistry uri https://registry.npmjs.org/greatest-number-in-array
28 verbose publish registryBase https://registry.npmjs.org/
29 silly publish uploading /Users/Adrian/.npm/greatest-number-in-array/1.0.0/package.tgz
30 verbose request uri https://registry.npmjs.org/greatest-number-in-array
31 verbose request sending authorization for write operation
32 info attempt registry request try #1 at 12:22:06 PM
33 verbose request using bearer token for auth
34 verbose request id 6ecaa6f3a0bc2aa4
35 http request PUT https://registry.npmjs.org/greatest-number-in-array
36 http 403 https://registry.npmjs.org/greatest-number-in-array
37 verbose headers { 'content-type': 'application/json',
37 verbose headers   'cache-control': 'max-age=300',
37 verbose headers   'content-length': '128',
37 verbose headers   'accept-ranges': 'bytes',
37 verbose headers   date: 'Thu, 02 Jun 2016 10:22:11 GMT',
37 verbose headers   via: '1.1 varnish',
37 verbose headers   connection: 'keep-alive',
37 verbose headers   'x-served-by': 'cache-ams4124-AMS',
37 verbose headers   'x-cache': 'MISS',
37 verbose headers   'x-cache-hits': '0',
37 verbose headers   'x-timer': 'S1464862929.443668,VS0,VE2014',
37 verbose headers   vary: 'Accept-Encoding' }
38 verbose request invalidating /Users/Adrian/.npm/registry.npmjs.org/greatest-number-in-array on PUT
39 error publish Failed PUT 403
40 verbose stack Error: "You cannot publish over the previously published version 1.0.0. Try bumping the version to 3.0.0" : greatest-number-in-array
40 verbose stack     at makeError (/usr/local/lib/node_modules/npm/node_modules/npm-registry-client/lib/request.js:264:12)
40 verbose stack     at CachingRegistryClient.<anonymous> (/usr/local/lib/node_modules/npm/node_modules/npm-registry-client/lib/request.js:252:14)
40 verbose stack     at Request._callback (/usr/local/lib/node_modules/npm/node_modules/npm-registry-client/lib/request.js:172:14)
40 verbose stack     at Request.self.callback (/usr/local/lib/node_modules/npm/node_modules/request/request.js:200:22)
40 verbose stack     at emitTwo (events.js:106:13)
40 verbose stack     at Request.emit (events.js:191:7)
40 verbose stack     at Request.<anonymous> (/usr/local/lib/node_modules/npm/node_modules/request/request.js:1067:10)
40 verbose stack     at emitOne (events.js:101:20)
40 verbose stack     at Request.emit (events.js:188:7)
40 verbose stack     at IncomingMessage.<anonymous> (/usr/local/lib/node_modules/npm/node_modules/request/request.js:988:12)
41 verbose statusCode 403
42 verbose pkgid greatest-number-in-array
43 verbose cwd /Users/Adrian/git/greatest-number-in-array
44 error Darwin 14.5.0
45 error argv "/usr/local/bin/node" "/usr/local/bin/npm" "publish"
46 error node v6.2.0
47 error npm  v3.8.9
48 error code E403
49 error "You cannot publish over the previously published version 1.0.0. Try bumping the version to 3.0.0" : greatest-number-in-array
50 error If you need help, you may report this error at:
50 error     <https://github.com/npm/npm/issues>
51 verbose exit [ 1, true ]
